<?xml version="1.0" encoding="UTF-8"?>
<testsuite name="testpackage.TestClass" tests="28" skipped="0" failures="0" errors="0" timestamp="2017-12-23T09:35:38" hostname="arriven-pc" time="104.363">
  <properties/>
  <testcase name="task3aIsCorrect" classname="testpackage.TestClass" time="0.286"/>
  <testcase name="task3bIsCorrect" classname="testpackage.TestClass" time="0.185"/>
  <testcase name="task3cIsCorrect" classname="testpackage.TestClass" time="0.141"/>
  <testcase name="task3dIsCorrect" classname="testpackage.TestClass" time="0.278"/>
  <testcase name="task3eIsCorrect" classname="testpackage.TestClass" time="0.287"/>
  <testcase name="task3fIsCorrect" classname="testpackage.TestClass" time="0.057"/>
  <testcase name="task3gIsCorrect" classname="testpackage.TestClass" time="0.102"/>
  <testcase name="task3hIsCorrect" classname="testpackage.TestClass" time="0.085"/>
  <testcase name="task3jIsCorrect" classname="testpackage.TestClass" time="0.235"/>
  <testcase name="task4aIsCorrect" classname="testpackage.TestClass" time="0.044"/>
  <testcase name="task4bIsCorrect" classname="testpackage.TestClass" time="0.104"/>
  <testcase name="task4cIsCorrect" classname="testpackage.TestClass" time="0.07"/>
  <testcase name="task4dIsCorrect" classname="testpackage.TestClass" time="0.101"/>
  <testcase name="task4iIsCorrect" classname="testpackage.TestClass" time="0.175"/>
  <testcase name="task3aIsCorrect" classname="testpackage.TestClass" time="0.009"/>
  <testcase name="task3bIsCorrect" classname="testpackage.TestClass" time="0.02"/>
  <testcase name="task3cIsCorrect" classname="testpackage.TestClass" time="0.012"/>
  <testcase name="task3dIsCorrect" classname="testpackage.TestClass" time="0.013"/>
  <testcase name="task3eIsCorrect" classname="testpackage.TestClass" time="0.014"/>
  <testcase name="task3fIsCorrect" classname="testpackage.TestClass" time="0.01"/>
  <testcase name="task3gIsCorrect" classname="testpackage.TestClass" time="0.01"/>
  <testcase name="task3hIsCorrect" classname="testpackage.TestClass" time="0.014"/>
  <testcase name="task3jIsCorrect" classname="testpackage.TestClass" time="0.012"/>
  <testcase name="task4aIsCorrect" classname="testpackage.TestClass" time="0.011"/>
  <testcase name="task4bIsCorrect" classname="testpackage.TestClass" time="0.015"/>
  <testcase name="task4cIsCorrect" classname="testpackage.TestClass" time="0.011"/>
  <testcase name="task4dIsCorrect" classname="testpackage.TestClass" time="0.013"/>
  <testcase name="task4iIsCorrect" classname="testpackage.TestClass" time="0.011"/>
  <system-out><![CDATA[]]></system-out>
  <system-err><![CDATA[]]></system-err>
</testsuite>
